2025-05-02 11:24:59,789 - INFO - [vary_size_n64] Generating/loading data...
2025-05-02 11:24:59,789 - INFO - [vary_size_n64] Running vanilla clustering...
2025-05-02 11:24:59,790 - INFO - [vary_size_n64] Running fair clustering...
2025-05-02 11:25:28,198 - INFO - [vary_size_n64] Generating/loading data...
2025-05-02 11:25:28,198 - INFO - [vary_size_n64] Running vanilla clustering...
2025-05-02 11:25:28,199 - INFO - [vary_size_n64] Running fair clustering...
2025-05-02 11:25:28,201 - INFO - [vary_size_n64] Experiment complete: cost ratio = 0.65
2025-05-02 11:25:28,201 - INFO - [vary_size_n128] Generating/loading data...
2025-05-02 11:25:28,201 - INFO - [vary_size_n128] Running vanilla clustering...
2025-05-02 11:25:28,202 - INFO - [vary_size_n128] Running fair clustering...
2025-05-02 11:25:28,206 - INFO - [vary_size_n128] Experiment complete: cost ratio = 0.66
2025-05-02 11:25:28,206 - INFO - [vary_size_n256] Generating/loading data...
2025-05-02 11:25:28,206 - INFO - [vary_size_n256] Running vanilla clustering...
2025-05-02 11:25:28,208 - INFO - [vary_size_n256] Running fair clustering...
2025-05-02 11:25:28,218 - INFO - [vary_size_n256] Experiment complete: cost ratio = 0.87
2025-05-02 11:25:28,218 - INFO - [vary_size_n512] Generating/loading data...
2025-05-02 11:25:28,219 - INFO - [vary_size_n512] Running vanilla clustering...
2025-05-02 11:25:28,223 - INFO - [vary_size_n512] Running fair clustering...
2025-05-02 11:25:28,270 - INFO - [vary_size_n512] Experiment complete: cost ratio = 0.85
2025-05-02 11:25:28,270 - INFO - [vary_size_n1024] Generating/loading data...
2025-05-02 11:25:28,270 - INFO - [vary_size_n1024] Running vanilla clustering...
2025-05-02 11:25:28,282 - INFO - [vary_size_n1024] Running fair clustering...
2025-05-02 11:25:28,372 - INFO - [vary_size_n1024] Experiment complete: cost ratio = 0.68
2025-05-02 11:25:28,372 - INFO - [vary_size_n2048] Generating/loading data...
2025-05-02 11:25:28,372 - INFO - [vary_size_n2048] Running vanilla clustering...
2025-05-02 11:25:28,408 - INFO - [vary_size_n2048] Running fair clustering...
2025-05-02 11:25:28,719 - INFO - [vary_size_n2048] Experiment complete: cost ratio = 0.67
2025-05-02 11:25:28,719 - INFO - [vary_size_n4096] Generating/loading data...
2025-05-02 11:25:28,720 - INFO - [vary_size_n4096] Running vanilla clustering...
2025-05-02 11:25:28,854 - INFO - [vary_size_n4096] Running fair clustering...
2025-05-02 11:25:29,875 - INFO - [vary_size_n4096] Experiment complete: cost ratio = 0.74
2025-05-02 11:25:29,875 - INFO - [vary_size_n8192] Generating/loading data...
2025-05-02 11:25:29,877 - INFO - [vary_size_n8192] Running vanilla clustering...
2025-05-02 11:25:30,557 - INFO - [vary_size_n8192] Running fair clustering...
2025-05-02 11:25:34,230 - INFO - [vary_size_n8192] Experiment complete: cost ratio = 0.65
2025-05-02 11:25:34,231 - INFO - [vary_size_n16384] Generating/loading data...
2025-05-02 11:25:34,234 - INFO - [vary_size_n16384] Running vanilla clustering...
2025-05-02 11:25:37,536 - INFO - [vary_size_n16384] Running fair clustering...
2025-05-02 11:25:51,498 - INFO - [vary_size_n16384] Experiment complete: cost ratio = 0.66
2025-05-02 11:25:51,688 - INFO - [vary_h_h2] Generating/loading data...
2025-05-02 11:25:51,688 - INFO - [vary_h_h2] Running vanilla clustering...
2025-05-02 11:25:51,690 - INFO - [vary_h_h2] Running fair clustering...
2025-05-02 11:25:51,700 - INFO - [vary_h_h2] Experiment complete: cost ratio = 0.83
2025-05-02 11:25:51,700 - INFO - [vary_h_h4] Generating/loading data...
2025-05-02 11:25:51,700 - INFO - [vary_h_h4] Running vanilla clustering...
2025-05-02 11:25:51,702 - INFO - [vary_h_h4] Running fair clustering...
2025-05-02 11:25:51,712 - INFO - [vary_h_h4] Experiment complete: cost ratio = 0.87
2025-05-02 11:25:51,712 - INFO - [vary_h_h8] Generating/loading data...
2025-05-02 11:25:51,712 - INFO - [vary_h_h8] Running vanilla clustering...
2025-05-02 11:25:51,714 - INFO - [vary_h_h8] Running fair clustering...
2025-05-02 11:27:40,850 - INFO - [vary_size_n64] Generating/loading data...
2025-05-02 11:27:40,850 - INFO - [vary_size_n64] Running vanilla clustering...
2025-05-02 11:27:40,851 - INFO - [vary_size_n64] Running fair clustering...
2025-05-02 11:27:40,853 - INFO - [vary_size_n64] Experiment complete: cost ratio = 0.65
2025-05-02 11:27:40,853 - INFO - [vary_size_n128] Generating/loading data...
2025-05-02 11:27:40,853 - INFO - [vary_size_n128] Running vanilla clustering...
2025-05-02 11:27:40,854 - INFO - [vary_size_n128] Running fair clustering...
2025-05-02 11:27:40,858 - INFO - [vary_size_n128] Experiment complete: cost ratio = 0.66
2025-05-02 11:27:40,858 - INFO - [vary_size_n256] Generating/loading data...
2025-05-02 11:27:40,858 - INFO - [vary_size_n256] Running vanilla clustering...
2025-05-02 11:27:40,860 - INFO - [vary_size_n256] Running fair clustering...
2025-05-02 11:27:40,870 - INFO - [vary_size_n256] Experiment complete: cost ratio = 0.87
2025-05-02 11:27:40,870 - INFO - [vary_size_n512] Generating/loading data...
2025-05-02 11:27:40,870 - INFO - [vary_size_n512] Running vanilla clustering...
2025-05-02 11:27:40,875 - INFO - [vary_size_n512] Running fair clustering...
2025-05-02 11:27:40,921 - INFO - [vary_size_n512] Experiment complete: cost ratio = 0.85
2025-05-02 11:27:41,078 - INFO - [vary_h_h2] Generating/loading data...
2025-05-02 11:27:41,078 - INFO - [vary_h_h2] Running vanilla clustering...
2025-05-02 11:27:41,080 - INFO - [vary_h_h2] Running fair clustering...
2025-05-02 11:27:41,091 - INFO - [vary_h_h2] Experiment complete: cost ratio = 0.87
2025-05-02 11:27:41,091 - INFO - [vary_h_h4] Generating/loading data...
2025-05-02 11:27:41,091 - INFO - [vary_h_h4] Running vanilla clustering...
2025-05-02 11:27:41,093 - INFO - [vary_h_h4] Running fair clustering...
2025-05-02 11:27:41,106 - INFO - [vary_h_h4] Experiment complete: cost ratio = 0.91
2025-05-02 11:27:41,106 - INFO - [vary_h_h8] Generating/loading data...
2025-05-02 11:27:41,106 - INFO - [vary_h_h8] Running vanilla clustering...
2025-05-02 11:27:41,108 - INFO - [vary_h_h8] Running fair clustering...
2025-05-02 11:28:03,365 - INFO - [vary_size_n64] Generating/loading data...
2025-05-02 11:28:03,365 - INFO - [vary_size_n64] Running vanilla clustering...
2025-05-02 11:28:03,366 - INFO - [vary_size_n64] Running fair clustering...
2025-05-02 11:28:03,368 - INFO - [vary_size_n64] Experiment complete: cost ratio = 0.65
2025-05-02 11:28:03,368 - INFO - [vary_size_n128] Generating/loading data...
2025-05-02 11:28:03,368 - INFO - [vary_size_n128] Running vanilla clustering...
2025-05-02 11:28:03,369 - INFO - [vary_size_n128] Running fair clustering...
2025-05-02 11:28:03,373 - INFO - [vary_size_n128] Experiment complete: cost ratio = 0.66
2025-05-02 11:28:03,373 - INFO - [vary_size_n256] Generating/loading data...
2025-05-02 11:28:03,374 - INFO - [vary_size_n256] Running vanilla clustering...
2025-05-02 11:28:03,375 - INFO - [vary_size_n256] Running fair clustering...
2025-05-02 11:28:03,386 - INFO - [vary_size_n256] Experiment complete: cost ratio = 0.87
2025-05-02 11:28:03,386 - INFO - [vary_size_n512] Generating/loading data...
2025-05-02 11:28:03,386 - INFO - [vary_size_n512] Running vanilla clustering...
2025-05-02 11:28:03,390 - INFO - [vary_size_n512] Running fair clustering...
2025-05-02 11:28:03,436 - INFO - [vary_size_n512] Experiment complete: cost ratio = 0.85
2025-05-02 11:28:03,594 - INFO - [vary_h_h4] Generating/loading data...
2025-05-02 11:28:03,594 - INFO - [vary_h_h4] Running vanilla clustering...
2025-05-02 11:28:03,596 - INFO - [vary_h_h4] Running fair clustering...
2025-05-02 11:28:03,608 - INFO - [vary_h_h4] Experiment complete: cost ratio = 0.91
2025-05-02 11:28:03,608 - INFO - [vary_h_h8] Generating/loading data...
2025-05-02 11:28:03,608 - INFO - [vary_h_h8] Running vanilla clustering...
2025-05-02 11:28:03,610 - INFO - [vary_h_h8] Running fair clustering...
2025-05-02 11:28:26,799 - INFO - [vary_size_n64] Generating/loading data...
2025-05-02 11:28:26,799 - INFO - [vary_size_n64] Running vanilla clustering...
2025-05-02 11:28:26,800 - INFO - [vary_size_n64] Running fair clustering...
2025-05-02 11:28:26,801 - INFO - [vary_size_n64] Experiment complete: cost ratio = 0.65
2025-05-02 11:28:26,801 - INFO - [vary_size_n128] Generating/loading data...
2025-05-02 11:28:26,802 - INFO - [vary_size_n128] Running vanilla clustering...
2025-05-02 11:28:26,803 - INFO - [vary_size_n128] Running fair clustering...
2025-05-02 11:28:26,807 - INFO - [vary_size_n128] Experiment complete: cost ratio = 0.66
2025-05-02 11:28:26,807 - INFO - [vary_size_n256] Generating/loading data...
2025-05-02 11:28:26,807 - INFO - [vary_size_n256] Running vanilla clustering...
2025-05-02 11:28:26,809 - INFO - [vary_size_n256] Running fair clustering...
2025-05-02 11:28:26,819 - INFO - [vary_size_n256] Experiment complete: cost ratio = 0.87
2025-05-02 11:28:26,819 - INFO - [vary_size_n512] Generating/loading data...
2025-05-02 11:28:26,820 - INFO - [vary_size_n512] Running vanilla clustering...
2025-05-02 11:28:26,824 - INFO - [vary_size_n512] Running fair clustering...
2025-05-02 11:28:26,872 - INFO - [vary_size_n512] Experiment complete: cost ratio = 0.85
2025-05-02 11:28:27,027 - INFO - [vary_h_h4] Generating/loading data...
2025-05-02 11:28:27,027 - INFO - [vary_h_h4] Running vanilla clustering...
2025-05-02 11:28:27,029 - INFO - [vary_h_h4] Running fair clustering...
2025-05-02 11:28:27,041 - INFO - [vary_h_h4] Experiment complete: cost ratio = 0.91
2025-05-02 11:28:27,045 - INFO - Results saved to results/experiment_results.csv
2025-05-02 11:28:42,700 - INFO - [vary_size_n64] Generating/loading data...
2025-05-02 11:28:42,700 - INFO - [vary_size_n64] Running vanilla clustering...
2025-05-02 11:28:42,701 - INFO - [vary_size_n64] Running fair clustering...
2025-05-02 11:28:42,703 - INFO - [vary_size_n64] Experiment complete: cost ratio = 0.65
2025-05-02 11:28:42,703 - INFO - [vary_size_n128] Generating/loading data...
2025-05-02 11:28:42,703 - INFO - [vary_size_n128] Running vanilla clustering...
2025-05-02 11:28:42,704 - INFO - [vary_size_n128] Running fair clustering...
2025-05-02 11:28:42,708 - INFO - [vary_size_n128] Experiment complete: cost ratio = 0.66
2025-05-02 11:28:42,708 - INFO - [vary_size_n256] Generating/loading data...
2025-05-02 11:28:42,709 - INFO - [vary_size_n256] Running vanilla clustering...
2025-05-02 11:28:42,711 - INFO - [vary_size_n256] Running fair clustering...
2025-05-02 11:28:42,721 - INFO - [vary_size_n256] Experiment complete: cost ratio = 0.87
2025-05-02 11:28:42,721 - INFO - [vary_size_n512] Generating/loading data...
2025-05-02 11:28:42,721 - INFO - [vary_size_n512] Running vanilla clustering...
2025-05-02 11:28:42,725 - INFO - [vary_size_n512] Running fair clustering...
2025-05-02 11:28:42,772 - INFO - [vary_size_n512] Experiment complete: cost ratio = 0.85
2025-05-02 11:28:42,933 - INFO - [vary_h_h2] Generating/loading data...
2025-05-02 11:28:42,933 - INFO - [vary_h_h2] Running vanilla clustering...
2025-05-02 11:28:42,935 - INFO - [vary_h_h2] Running fair clustering...
2025-05-02 11:28:42,946 - INFO - [vary_h_h2] Experiment complete: cost ratio = 0.87
2025-05-02 11:28:42,946 - INFO - [vary_h_h4] Generating/loading data...
2025-05-02 11:28:42,946 - INFO - [vary_h_h4] Running vanilla clustering...
2025-05-02 11:28:42,948 - INFO - [vary_h_h4] Running fair clustering...
2025-05-02 11:28:42,961 - INFO - [vary_h_h4] Experiment complete: cost ratio = 0.91
2025-05-02 11:28:42,962 - INFO - Results saved to results/experiment_results.csv
2025-05-02 11:28:52,806 - INFO - [vary_size_n64] Generating/loading data...
2025-05-02 11:28:52,806 - INFO - [vary_size_n64] Running vanilla clustering...
2025-05-02 11:28:52,807 - INFO - [vary_size_n64] Running fair clustering...
2025-05-02 11:28:52,808 - INFO - [vary_size_n64] Experiment complete: cost ratio = 0.65
2025-05-02 11:28:52,809 - INFO - [vary_size_n128] Generating/loading data...
2025-05-02 11:28:52,809 - INFO - [vary_size_n128] Running vanilla clustering...
2025-05-02 11:28:52,810 - INFO - [vary_size_n128] Running fair clustering...
2025-05-02 11:28:52,814 - INFO - [vary_size_n128] Experiment complete: cost ratio = 0.66
2025-05-02 11:28:52,814 - INFO - [vary_size_n256] Generating/loading data...
2025-05-02 11:28:52,814 - INFO - [vary_size_n256] Running vanilla clustering...
2025-05-02 11:28:52,816 - INFO - [vary_size_n256] Running fair clustering...
2025-05-02 11:28:52,826 - INFO - [vary_size_n256] Experiment complete: cost ratio = 0.87
2025-05-02 11:28:52,826 - INFO - [vary_size_n512] Generating/loading data...
2025-05-02 11:28:52,826 - INFO - [vary_size_n512] Running vanilla clustering...
2025-05-02 11:28:52,830 - INFO - [vary_size_n512] Running fair clustering...
2025-05-02 11:28:52,877 - INFO - [vary_size_n512] Experiment complete: cost ratio = 0.85
2025-05-02 11:28:53,033 - INFO - [vary_h_h2] Generating/loading data...
2025-05-02 11:28:53,033 - INFO - [vary_h_h2] Running vanilla clustering...
2025-05-02 11:28:53,035 - INFO - [vary_h_h2] Running fair clustering...
2025-05-02 11:28:53,046 - INFO - [vary_h_h2] Experiment complete: cost ratio = 0.87
2025-05-02 11:28:53,046 - INFO - [vary_h_h4] Generating/loading data...
2025-05-02 11:28:53,046 - INFO - [vary_h_h4] Running vanilla clustering...
2025-05-02 11:28:53,048 - INFO - [vary_h_h4] Running fair clustering...
2025-05-02 11:28:53,060 - INFO - [vary_h_h4] Experiment complete: cost ratio = 0.91
2025-05-02 11:28:53,060 - INFO - [vary_h_h5] Generating/loading data...
2025-05-02 11:28:53,061 - INFO - [vary_h_h5] Running vanilla clustering...
2025-05-02 11:28:53,062 - INFO - [vary_h_h5] Running fair clustering...
2025-05-02 11:28:53,073 - INFO - [vary_h_h5] Experiment complete: cost ratio = 0.94
2025-05-02 11:28:53,075 - INFO - Results saved to results/experiment_results.csv
2025-05-02 11:32:10,148 - INFO - [vary_size_n64] Generating/loading data...
2025-05-02 11:32:10,148 - INFO - [vary_size_n64] Running vanilla clustering...
2025-05-02 11:32:10,149 - INFO - [vary_size_n64] Running fair clustering...
2025-05-02 11:32:10,151 - INFO - [vary_size_n64] Experiment complete: cost ratio = 0.65
2025-05-02 11:32:10,151 - INFO - [vary_size_n128] Generating/loading data...
2025-05-02 11:32:10,151 - INFO - [vary_size_n128] Running vanilla clustering...
2025-05-02 11:32:10,152 - INFO - [vary_size_n128] Running fair clustering...
2025-05-02 11:32:10,156 - INFO - [vary_size_n128] Experiment complete: cost ratio = 0.66
2025-05-02 11:32:10,156 - INFO - [vary_size_n256] Generating/loading data...
2025-05-02 11:32:10,156 - INFO - [vary_size_n256] Running vanilla clustering...
2025-05-02 11:32:10,158 - INFO - [vary_size_n256] Running fair clustering...
2025-05-02 11:32:10,168 - INFO - [vary_size_n256] Experiment complete: cost ratio = 0.87
2025-05-02 11:32:10,168 - INFO - [vary_size_n512] Generating/loading data...
2025-05-02 11:32:10,169 - INFO - [vary_size_n512] Running vanilla clustering...
2025-05-02 11:32:10,173 - INFO - [vary_size_n512] Running fair clustering...
2025-05-02 11:32:10,219 - INFO - [vary_size_n512] Experiment complete: cost ratio = 0.85
2025-05-02 11:32:10,372 - INFO - [vary_h_h2] Generating/loading data...
2025-05-02 11:32:10,372 - INFO - [vary_h_h2] Running vanilla clustering...
2025-05-02 11:32:10,384 - INFO - [vary_h_h2] Running fair clustering...
2025-05-02 11:32:10,485 - INFO - [vary_h_h2] Experiment complete: cost ratio = 0.81
2025-05-02 11:32:10,485 - INFO - [vary_h_h4] Generating/loading data...
2025-05-02 11:32:10,485 - INFO - [vary_h_h4] Running vanilla clustering...
2025-05-02 11:32:10,498 - INFO - [vary_h_h4] Running fair clustering...
2025-05-02 11:32:10,600 - INFO - [vary_h_h4] Experiment complete: cost ratio = 0.70
2025-05-02 11:32:10,600 - INFO - [vary_h_h8] Generating/loading data...
2025-05-02 11:32:10,601 - INFO - [vary_h_h8] Running vanilla clustering...
2025-05-02 11:32:10,612 - INFO - [vary_h_h8] Running fair clustering...
2025-05-02 11:32:19,959 - INFO - [vary_size_n64] Generating/loading data...
2025-05-02 11:32:19,959 - INFO - [vary_size_n64] Running vanilla clustering...
2025-05-02 11:32:19,960 - INFO - [vary_size_n64] Running fair clustering...
2025-05-02 11:32:19,962 - INFO - [vary_size_n64] Experiment complete: cost ratio = 0.65
2025-05-02 11:32:19,962 - INFO - [vary_size_n128] Generating/loading data...
2025-05-02 11:32:19,962 - INFO - [vary_size_n128] Running vanilla clustering...
2025-05-02 11:32:19,963 - INFO - [vary_size_n128] Running fair clustering...
2025-05-02 11:32:19,967 - INFO - [vary_size_n128] Experiment complete: cost ratio = 0.66
2025-05-02 11:32:19,967 - INFO - [vary_size_n256] Generating/loading data...
2025-05-02 11:32:19,967 - INFO - [vary_size_n256] Running vanilla clustering...
2025-05-02 11:32:19,969 - INFO - [vary_size_n256] Running fair clustering...
2025-05-02 11:32:19,979 - INFO - [vary_size_n256] Experiment complete: cost ratio = 0.87
2025-05-02 11:32:19,979 - INFO - [vary_size_n512] Generating/loading data...
2025-05-02 11:32:19,979 - INFO - [vary_size_n512] Running vanilla clustering...
2025-05-02 11:32:19,984 - INFO - [vary_size_n512] Running fair clustering...
2025-05-02 11:32:20,031 - INFO - [vary_size_n512] Experiment complete: cost ratio = 0.85
2025-05-02 11:32:20,185 - INFO - [vary_h_h2] Generating/loading data...
2025-05-02 11:32:20,186 - INFO - [vary_h_h2] Running vanilla clustering...
2025-05-02 11:32:20,197 - INFO - [vary_h_h2] Running fair clustering...
2025-05-02 11:32:20,283 - INFO - [vary_h_h2] Experiment complete: cost ratio = 0.72
2025-05-02 11:32:20,283 - INFO - [vary_h_h4] Generating/loading data...
2025-05-02 11:32:20,283 - INFO - [vary_h_h4] Running vanilla clustering...
2025-05-02 11:32:20,295 - INFO - [vary_h_h4] Running fair clustering...
2025-05-02 11:32:20,382 - INFO - [vary_h_h4] Experiment complete: cost ratio = 0.68
2025-05-02 11:32:20,382 - INFO - [vary_h_h8] Generating/loading data...
2025-05-02 11:32:20,383 - INFO - [vary_h_h8] Running vanilla clustering...
2025-05-02 11:32:20,393 - INFO - [vary_h_h8] Running fair clustering...
2025-05-02 11:32:58,610 - INFO - [vary_size_n64] Generating/loading data...
2025-05-02 11:32:58,610 - INFO - [vary_size_n64] Running vanilla clustering...
2025-05-02 11:32:58,611 - INFO - [vary_size_n64] Running fair clustering...
2025-05-02 11:32:58,613 - INFO - [vary_size_n64] Experiment complete: cost ratio = 0.65
2025-05-02 11:32:58,613 - INFO - [vary_size_n128] Generating/loading data...
2025-05-02 11:32:58,613 - INFO - [vary_size_n128] Running vanilla clustering...
2025-05-02 11:32:58,614 - INFO - [vary_size_n128] Running fair clustering...
2025-05-02 11:32:58,618 - INFO - [vary_size_n128] Experiment complete: cost ratio = 0.66
2025-05-02 11:32:58,618 - INFO - [vary_size_n256] Generating/loading data...
2025-05-02 11:32:58,618 - INFO - [vary_size_n256] Running vanilla clustering...
2025-05-02 11:32:58,620 - INFO - [vary_size_n256] Running fair clustering...
2025-05-02 11:32:58,630 - INFO - [vary_size_n256] Experiment complete: cost ratio = 0.87
2025-05-02 11:32:58,630 - INFO - [vary_size_n512] Generating/loading data...
2025-05-02 11:32:58,631 - INFO - [vary_size_n512] Running vanilla clustering...
2025-05-02 11:32:58,635 - INFO - [vary_size_n512] Running fair clustering...
2025-05-02 11:32:58,683 - INFO - [vary_size_n512] Experiment complete: cost ratio = 0.85
2025-05-02 11:32:58,842 - INFO - [vary_h_h2] Generating/loading data...
2025-05-02 11:32:58,843 - INFO - [vary_h_h2] Running vanilla clustering...
2025-05-02 11:32:58,854 - INFO - [vary_h_h2] Running fair clustering...
2025-05-02 11:32:58,939 - INFO - [vary_h_h2] Experiment complete: cost ratio = 0.72
2025-05-02 11:32:58,939 - INFO - [vary_h_h4] Generating/loading data...
2025-05-02 11:32:58,940 - INFO - [vary_h_h4] Running vanilla clustering...
2025-05-02 11:32:58,951 - INFO - [vary_h_h4] Running fair clustering...
2025-05-02 11:32:59,016 - INFO - [vary_h_h4] Experiment complete: cost ratio = 0.66
2025-05-02 11:32:59,016 - INFO - [vary_h_h8] Generating/loading data...
2025-05-02 11:32:59,016 - INFO - [vary_h_h8] Running vanilla clustering...
2025-05-02 11:32:59,028 - INFO - [vary_h_h8] Running fair clustering...
2025-05-02 11:32:59,125 - INFO - [vary_h_h8] Experiment complete: cost ratio = 0.67
2025-05-02 11:32:59,126 - INFO - Results saved to results/experiment_results.csv
2025-05-02 11:33:21,998 - INFO - [vary_size_n64] Generating/loading data...
2025-05-02 11:33:21,998 - INFO - [vary_size_n64] Running vanilla clustering...
2025-05-02 11:33:21,999 - INFO - [vary_size_n64] Running fair clustering...
2025-05-02 11:33:22,000 - INFO - [vary_size_n64] Experiment complete: cost ratio = 0.65
2025-05-02 11:33:22,001 - INFO - [vary_size_n128] Generating/loading data...
2025-05-02 11:33:22,001 - INFO - [vary_size_n128] Running vanilla clustering...
2025-05-02 11:33:22,002 - INFO - [vary_size_n128] Running fair clustering...
2025-05-02 11:33:22,006 - INFO - [vary_size_n128] Experiment complete: cost ratio = 0.66
2025-05-02 11:33:22,006 - INFO - [vary_size_n256] Generating/loading data...
2025-05-02 11:33:22,006 - INFO - [vary_size_n256] Running vanilla clustering...
2025-05-02 11:33:22,008 - INFO - [vary_size_n256] Running fair clustering...
2025-05-02 11:33:22,018 - INFO - [vary_size_n256] Experiment complete: cost ratio = 0.87
2025-05-02 11:33:22,018 - INFO - [vary_size_n512] Generating/loading data...
2025-05-02 11:33:22,018 - INFO - [vary_size_n512] Running vanilla clustering...
2025-05-02 11:33:22,023 - INFO - [vary_size_n512] Running fair clustering...
2025-05-02 11:33:22,069 - INFO - [vary_size_n512] Experiment complete: cost ratio = 0.85
2025-05-02 11:33:22,224 - INFO - [vary_h_h2] Generating/loading data...
2025-05-02 11:33:22,225 - INFO - [vary_h_h2] Running vanilla clustering...
2025-05-02 11:33:22,262 - INFO - [vary_h_h2] Running fair clustering...
2025-05-02 11:33:22,587 - INFO - [vary_h_h2] Experiment complete: cost ratio = 0.85
2025-05-02 11:33:22,587 - INFO - [vary_h_h4] Generating/loading data...
2025-05-02 11:33:22,588 - INFO - [vary_h_h4] Running vanilla clustering...
2025-05-02 11:33:22,622 - INFO - [vary_h_h4] Running fair clustering...
2025-05-02 11:33:22,849 - INFO - [vary_h_h4] Experiment complete: cost ratio = 0.73
2025-05-02 11:33:22,849 - INFO - [vary_h_h8] Generating/loading data...
2025-05-02 11:33:22,849 - INFO - [vary_h_h8] Running vanilla clustering...
2025-05-02 11:33:22,882 - INFO - [vary_h_h8] Running fair clustering...
2025-05-02 11:33:23,255 - INFO - [vary_h_h8] Experiment complete: cost ratio = 0.67
2025-05-02 11:33:23,255 - INFO - [vary_h_h16] Generating/loading data...
2025-05-02 11:33:23,255 - INFO - [vary_h_h16] Running vanilla clustering...
2025-05-02 11:33:23,289 - INFO - [vary_h_h16] Running fair clustering...
2025-05-02 11:33:29,335 - INFO - [vary_size_n64] Generating/loading data...
2025-05-02 11:33:29,336 - INFO - [vary_size_n64] Running vanilla clustering...
2025-05-02 11:33:29,336 - INFO - [vary_size_n64] Running fair clustering...
2025-05-02 11:33:29,338 - INFO - [vary_size_n64] Experiment complete: cost ratio = 0.65
2025-05-02 11:33:29,338 - INFO - [vary_size_n128] Generating/loading data...
2025-05-02 11:33:29,338 - INFO - [vary_size_n128] Running vanilla clustering...
2025-05-02 11:33:29,339 - INFO - [vary_size_n128] Running fair clustering...
2025-05-02 11:33:29,343 - INFO - [vary_size_n128] Experiment complete: cost ratio = 0.66
2025-05-02 11:33:29,344 - INFO - [vary_size_n256] Generating/loading data...
2025-05-02 11:33:29,344 - INFO - [vary_size_n256] Running vanilla clustering...
2025-05-02 11:33:29,346 - INFO - [vary_size_n256] Running fair clustering...
2025-05-02 11:33:29,356 - INFO - [vary_size_n256] Experiment complete: cost ratio = 0.87
2025-05-02 11:33:29,356 - INFO - [vary_size_n512] Generating/loading data...
2025-05-02 11:33:29,356 - INFO - [vary_size_n512] Running vanilla clustering...
2025-05-02 11:33:29,361 - INFO - [vary_size_n512] Running fair clustering...
2025-05-02 11:33:29,407 - INFO - [vary_size_n512] Experiment complete: cost ratio = 0.85
2025-05-02 11:33:29,569 - INFO - [vary_h_h2] Generating/loading data...
2025-05-02 11:33:29,569 - INFO - [vary_h_h2] Running vanilla clustering...
2025-05-02 11:33:29,604 - INFO - [vary_h_h2] Running fair clustering...
2025-05-02 11:33:29,925 - INFO - [vary_h_h2] Experiment complete: cost ratio = 0.85
2025-05-02 11:33:29,925 - INFO - [vary_h_h4] Generating/loading data...
2025-05-02 11:33:29,926 - INFO - [vary_h_h4] Running vanilla clustering...
2025-05-02 11:33:29,959 - INFO - [vary_h_h4] Running fair clustering...
2025-05-02 11:33:30,186 - INFO - [vary_h_h4] Experiment complete: cost ratio = 0.73
2025-05-02 11:33:30,186 - INFO - [vary_h_h8] Generating/loading data...
2025-05-02 11:33:30,187 - INFO - [vary_h_h8] Running vanilla clustering...
2025-05-02 11:33:30,220 - INFO - [vary_h_h8] Running fair clustering...
2025-05-02 11:33:30,489 - INFO - [vary_h_h8] Experiment complete: cost ratio = 0.64
2025-05-02 11:33:30,489 - INFO - [vary_h_h16] Generating/loading data...
2025-05-02 11:33:30,489 - INFO - [vary_h_h16] Running vanilla clustering...
2025-05-02 11:33:30,525 - INFO - [vary_h_h16] Running fair clustering...
2025-05-02 11:33:30,836 - INFO - [vary_h_h16] Experiment complete: cost ratio = 0.61
2025-05-02 11:33:30,838 - INFO - Results saved to results/experiment_results.csv
2025-05-02 11:33:58,198 - INFO - [vary_size_n64] Generating/loading data...
2025-05-02 11:33:58,198 - INFO - [vary_size_n64] Running vanilla clustering...
2025-05-02 11:33:58,199 - INFO - [vary_size_n64] Running fair clustering...
2025-05-02 11:33:58,201 - INFO - [vary_size_n64] Experiment complete: cost ratio = 0.65
2025-05-02 11:33:58,201 - INFO - [vary_size_n128] Generating/loading data...
2025-05-02 11:33:58,201 - INFO - [vary_size_n128] Running vanilla clustering...
2025-05-02 11:33:58,202 - INFO - [vary_size_n128] Running fair clustering...
2025-05-02 11:33:58,206 - INFO - [vary_size_n128] Experiment complete: cost ratio = 0.66
2025-05-02 11:33:58,206 - INFO - [vary_size_n256] Generating/loading data...
2025-05-02 11:33:58,206 - INFO - [vary_size_n256] Running vanilla clustering...
2025-05-02 11:33:58,208 - INFO - [vary_size_n256] Running fair clustering...
2025-05-02 11:33:58,218 - INFO - [vary_size_n256] Experiment complete: cost ratio = 0.87
2025-05-02 11:33:58,218 - INFO - [vary_size_n512] Generating/loading data...
2025-05-02 11:33:58,219 - INFO - [vary_size_n512] Running vanilla clustering...
2025-05-02 11:33:58,223 - INFO - [vary_size_n512] Running fair clustering...
2025-05-02 11:33:58,269 - INFO - [vary_size_n512] Experiment complete: cost ratio = 0.85
2025-05-02 11:33:58,421 - INFO - [vary_h_h2] Generating/loading data...
2025-05-02 11:33:58,422 - INFO - [vary_h_h2] Running vanilla clustering...
2025-05-02 11:33:58,558 - INFO - [vary_h_h2] Running fair clustering...
2025-05-02 11:33:59,686 - INFO - [vary_h_h2] Experiment complete: cost ratio = 0.79
2025-05-02 11:33:59,686 - INFO - [vary_h_h4] Generating/loading data...
2025-05-02 11:33:59,687 - INFO - [vary_h_h4] Running vanilla clustering...
2025-05-02 11:33:59,816 - INFO - [vary_h_h4] Running fair clustering...
2025-05-02 11:34:00,523 - INFO - [vary_h_h4] Experiment complete: cost ratio = 0.74
2025-05-02 11:34:00,523 - INFO - [vary_h_h8] Generating/loading data...
2025-05-02 11:34:00,524 - INFO - [vary_h_h8] Running vanilla clustering...
2025-05-02 11:34:00,652 - INFO - [vary_h_h8] Running fair clustering...
2025-05-02 11:34:01,386 - INFO - [vary_h_h8] Experiment complete: cost ratio = 0.67
2025-05-02 11:34:01,387 - INFO - [vary_h_h16] Generating/loading data...
2025-05-02 11:34:01,387 - INFO - [vary_h_h16] Running vanilla clustering...
2025-05-02 11:34:01,517 - INFO - [vary_h_h16] Running fair clustering...
2025-05-02 11:34:02,100 - INFO - [vary_h_h16] Experiment complete: cost ratio = 0.63
2025-05-02 11:34:02,100 - INFO - [vary_h_h32] Generating/loading data...
2025-05-02 11:34:02,101 - INFO - [vary_h_h32] Running vanilla clustering...
2025-05-02 11:34:02,230 - INFO - [vary_h_h32] Running fair clustering...
2025-05-02 11:34:03,367 - INFO - [vary_h_h32] Experiment complete: cost ratio = 0.62
2025-05-02 11:34:03,369 - INFO - Results saved to results/experiment_results.csv
2025-05-02 11:34:55,627 - INFO - [vary_size_n64] Generating/loading data...
2025-05-02 11:34:55,627 - INFO - [vary_size_n64] Running vanilla clustering...
2025-05-02 11:34:55,628 - INFO - [vary_size_n64] Running fair clustering...
2025-05-02 11:34:55,630 - INFO - [vary_size_n64] Experiment complete: cost ratio = 0.65
2025-05-02 11:34:55,630 - INFO - [vary_size_n128] Generating/loading data...
2025-05-02 11:34:55,630 - INFO - [vary_size_n128] Running vanilla clustering...
2025-05-02 11:34:55,631 - INFO - [vary_size_n128] Running fair clustering...
2025-05-02 11:34:55,635 - INFO - [vary_size_n128] Experiment complete: cost ratio = 0.66
2025-05-02 11:34:55,635 - INFO - [vary_size_n256] Generating/loading data...
2025-05-02 11:34:55,635 - INFO - [vary_size_n256] Running vanilla clustering...
2025-05-02 11:34:55,637 - INFO - [vary_size_n256] Running fair clustering...
2025-05-02 11:34:55,647 - INFO - [vary_size_n256] Experiment complete: cost ratio = 0.87
2025-05-02 11:34:55,647 - INFO - [vary_size_n512] Generating/loading data...
2025-05-02 11:34:55,647 - INFO - [vary_size_n512] Running vanilla clustering...
2025-05-02 11:34:55,652 - INFO - [vary_size_n512] Running fair clustering...
2025-05-02 11:34:55,699 - INFO - [vary_size_n512] Experiment complete: cost ratio = 0.85
2025-05-02 11:34:55,699 - INFO - [vary_size_n1024] Generating/loading data...
2025-05-02 11:34:55,699 - INFO - [vary_size_n1024] Running vanilla clustering...
2025-05-02 11:34:55,711 - INFO - [vary_size_n1024] Running fair clustering...
2025-05-02 11:34:55,800 - INFO - [vary_size_n1024] Experiment complete: cost ratio = 0.68
2025-05-02 11:34:55,800 - INFO - [vary_size_n2048] Generating/loading data...
2025-05-02 11:34:55,800 - INFO - [vary_size_n2048] Running vanilla clustering...
2025-05-02 11:34:55,836 - INFO - [vary_size_n2048] Running fair clustering...
2025-05-02 11:34:56,145 - INFO - [vary_size_n2048] Experiment complete: cost ratio = 0.67
2025-05-02 11:34:56,146 - INFO - [vary_size_n4096] Generating/loading data...
2025-05-02 11:34:56,147 - INFO - [vary_size_n4096] Running vanilla clustering...
2025-05-02 11:34:56,279 - INFO - [vary_size_n4096] Running fair clustering...
2025-05-02 11:34:57,304 - INFO - [vary_size_n4096] Experiment complete: cost ratio = 0.74
2025-05-02 11:34:57,470 - INFO - [vary_h_h2] Generating/loading data...
2025-05-02 11:34:57,471 - INFO - [vary_h_h2] Running vanilla clustering...
2025-05-02 11:34:57,608 - INFO - [vary_h_h2] Running fair clustering...
2025-05-02 11:34:58,747 - INFO - [vary_h_h2] Experiment complete: cost ratio = 0.79
2025-05-02 11:34:58,747 - INFO - [vary_h_h4] Generating/loading data...
2025-05-02 11:34:58,748 - INFO - [vary_h_h4] Running vanilla clustering...
2025-05-02 11:34:58,879 - INFO - [vary_h_h4] Running fair clustering...
2025-05-02 11:34:59,643 - INFO - [vary_h_h4] Experiment complete: cost ratio = 0.74
2025-05-02 11:34:59,643 - INFO - [vary_h_h8] Generating/loading data...
2025-05-02 11:34:59,644 - INFO - [vary_h_h8] Running vanilla clustering...
2025-05-02 11:34:59,774 - INFO - [vary_h_h8] Running fair clustering...
2025-05-02 11:35:00,457 - INFO - [vary_h_h8] Experiment complete: cost ratio = 0.67
2025-05-02 11:35:00,457 - INFO - [vary_h_h16] Generating/loading data...
2025-05-02 11:35:00,458 - INFO - [vary_h_h16] Running vanilla clustering...
2025-05-02 11:35:00,585 - INFO - [vary_h_h16] Running fair clustering...
2025-05-02 11:35:01,167 - INFO - [vary_h_h16] Experiment complete: cost ratio = 0.63
2025-05-02 11:35:01,167 - INFO - [vary_h_h32] Generating/loading data...
2025-05-02 11:35:01,168 - INFO - [vary_h_h32] Running vanilla clustering...
2025-05-02 11:35:01,371 - INFO - [vary_h_h32] Running fair clustering...
2025-05-02 11:35:02,437 - INFO - [vary_h_h32] Experiment complete: cost ratio = 0.62
2025-05-02 11:35:02,438 - INFO - Results saved to results/experiment_results.csv
